[2026-05-08T02:58:17Z] === ENRICH ITERATION 1 START | repo=KokaKiwi/rust-hex sha=b2b4370b ===
[2026-05-08T02:58:17Z] [iter=1] PHASE START: enrich repo=KokaKiwi/rust-hex sha=b2b4370b runlog=/home/runner/work/forx/forx/storage/aggregate/lsp/logs/b2b4370b-enrich-iter-001.log output=/home/runner/work/forx/forx/storage/aggregate/lsp/b2b4370b5bf021b98ee7adc92233e8de3f2de792.nq.gz
[2026-05-08T02:58:28Z] [iter=1] Step 1: Loading AST into disk-backed store mem_mb=78 MB
[2026-05-08T02:58:28Z] [iter=1] AST store loaded triples=27352 load_secs=0 mem_mb=120 MB
[2026-05-08T02:58:28Z] [iter=1] Step 2: Finding LSP targets mem_mb=120 MB
[2026-05-08T02:58:28Z] [iter=1] LSP targets found call_sites=181 imports=15 extends=0 implements=5 secs=0
[2026-05-08T02:58:28Z] [iter=1] Step 2.7: Building position index (one-shot, shared across resolvers) mem_mb=120 MB
[2026-05-08T02:58:28Z] [iter=1] Position index built positions=1866 nodes_with_types=2153 secs=0 mem_mb=120 MB
[2026-05-08T02:58:28Z] [iter=1] Step 3: Starting LSP resolution mem_mb=120 MB already_completed_types=[] already_completed_files=0
[2026-05-08T02:58:28Z] [iter=1] Resolving target type target_type=call_site count=181
[2026-05-08T02:58:48Z] [iter=1] HEARTBEAT target_type=call_site elapsed_min=0.5 files_done=0 resolved=0 errors=0 current=benches/hex.rs
[2026-05-08T02:59:05Z] [iter=1] Target type resolved target_type=call_site resolved=81 errors=77 secs=37 mem_mb=120 MB
[2026-05-08T02:59:05Z] [iter=1] Resolving target type target_type=import_statement count=15
[2026-05-08T02:59:17Z] [iter=1] Target type resolved target_type=import_statement resolved=8 errors=0 secs=12 mem_mb=120 MB
[2026-05-08T02:59:17Z] [iter=1] Resolving target type target_type=implements_clause count=5
[2026-05-08T02:59:18Z] [iter=1] HEARTBEAT target_type=implements_clause elapsed_min=1.0 files_done=0 resolved=0 errors=0 current=src/serde.rs
[2026-05-08T02:59:24Z] [iter=1] Target type resolved target_type=implements_clause resolved=1 errors=0 secs=7 mem_mb=120 MB
[2026-05-08T02:59:35Z] [iter=1] Step 5: Writing final enrichment file triples=1749
[2026-05-08T02:59:35Z] [iter=1] Enrichment file written path=/home/runner/work/forx/forx/storage/aggregate/lsp/b2b4370b5bf021b98ee7adc92233e8de3f2de792.nq.gz size_kb=24
[2026-05-08T02:59:35Z] [iter=1] PHASE END: enrich elapsed_s=78 elapsed_min=1.3 total_triples=1749
